<?xml version="1.0" encoding="UTF-8" ?>
<testsuite tests="11" failures="3" name="com.stir.cscu9t4practical1.CycleEntryTest" time="0.032" errors="0" skipped="0">
  <properties>
[...]
</properties>
  <testcase classname="com.stir.cscu9t4practical1.CycleEntryTest" name="com.stir.cscu9t4practical1.CycleEntryTest.testGetYear" time="0.016"/>
  <testcase classname="com.stir.cscu9t4practical1.CycleEntryTest" name="com.stir.cscu9t4practical1.CycleEntryTest.testGetMin" time="0"/>
  <testcase classname="com.stir.cscu9t4practical1.CycleEntryTest" name="com.stir.cscu9t4practical1.CycleEntryTest.testGetSec" time="0"/>
  <testcase classname="com.stir.cscu9t4practical1.CycleEntryTest" name="com.stir.cscu9t4practical1.CycleEntryTest.testGetMonth" time="0"/>
  <testcase classname="com.stir.cscu9t4practical1.CycleEntryTest" name="com.stir.cscu9t4practical1.CycleEntryTest.testGetDistance" time="0"/>
  <testcase classname="com.stir.cscu9t4practical1.CycleEntryTest" name="com.stir.cscu9t4practical1.CycleEntryTest.testGetTerrain" time="0.005">
    <failure message="expected: &lt;asphalt&gt; but was: &lt;In aasphalt&gt;" type="org.opentest4j.AssertionFailedError">org.opentest4j.AssertionFailedError: expected: &lt;asphalt&gt; but was: &lt;In aasphalt&gt;
	at org.junit.jupiter.api.AssertionUtils.fail(AssertionUtils.java:55)
	at org.junit.jupiter.api.AssertionUtils.failNotEqual(AssertionUtils.java:62)
	at org.junit.jupiter.api.AssertEquals.assertEquals(AssertEquals.java:182)
	at org.junit.jupiter.api.AssertEquals.assertEquals(AssertEquals.java:177)
	at org.junit.jupiter.api.Assertions.assertEquals(Assertions.java:1124)
	at com.stir.cscu9t4practical1.CycleEntryTest.testGetTerrain(CycleEntryTest.java:145)
</failure>
    <system-out>getTerrain
</system-out>
  </testcase>
  <testcase classname="com.stir.cscu9t4practical1.CycleEntryTest" name="com.stir.cscu9t4practical1.CycleEntryTest.testGetHour" time="0"/>
  <testcase classname="com.stir.cscu9t4practical1.CycleEntryTest" name="com.stir.cscu9t4practical1.CycleEntryTest.testGetEntry" time="0.011">
    <failure message="expected: &lt;Alice cycled 3.0 km in 0:16:7 on 1/2/2003 on asphalt at moderate tempo
&gt; but was: &lt;Alice cycledIn aasphalt at the tempo ofIn amoderate Minutes, covering a distance of 3.0 km in 0:16:7 on 1/2/2003
&gt;" type="org.opentest4j.AssertionFailedError">org.opentest4j.AssertionFailedError: expected: &lt;Alice cycled 3.0 km in 0:16:7 on 1/2/2003 on asphalt at moderate tempo
&gt; but was: &lt;Alice cycledIn aasphalt at the tempo ofIn amoderate Minutes, covering a distance of 3.0 km in 0:16:7 on 1/2/2003
&gt;
	at org.junit.jupiter.api.AssertionUtils.fail(AssertionUtils.java:55)
	at org.junit.jupiter.api.AssertionUtils.failNotEqual(AssertionUtils.java:62)
	at org.junit.jupiter.api.AssertEquals.assertEquals(AssertEquals.java:182)
	at org.junit.jupiter.api.AssertEquals.assertEquals(AssertEquals.java:177)
	at org.junit.jupiter.api.Assertions.assertEquals(Assertions.java:1124)
	at com.stir.cscu9t4practical1.CycleEntryTest.testGetEntry(CycleEntryTest.java:169)
</failure>
    <system-out>getEntry
</system-out>
  </testcase>
  <testcase classname="com.stir.cscu9t4practical1.CycleEntryTest" name="com.stir.cscu9t4practical1.CycleEntryTest.testGetName" time="0"/>
  <testcase classname="com.stir.cscu9t4practical1.CycleEntryTest" name="com.stir.cscu9t4practical1.CycleEntryTest.testGetDay" time="0"/>
  <testcase classname="com.stir.cscu9t4practical1.CycleEntryTest" name="com.stir.cscu9t4practical1.CycleEntryTest.testGetTempo" time="0">
    <failure message="expected: &lt;moderate&gt; but was: &lt;In amoderate&gt;" type="org.opentest4j.AssertionFailedError">org.opentest4j.AssertionFailedError: expected: &lt;moderate&gt; but was: &lt;In amoderate&gt;
	at org.junit.jupiter.api.AssertionUtils.fail(AssertionUtils.java:55)
	at org.junit.jupiter.api.AssertionUtils.failNotEqual(AssertionUtils.java:62)
	at org.junit.jupiter.api.AssertEquals.assertEquals(AssertEquals.java:182)
	at org.junit.jupiter.api.AssertEquals.assertEquals(AssertEquals.java:177)
	at org.junit.jupiter.api.Assertions.assertEquals(Assertions.java:1124)
	at com.stir.cscu9t4practical1.CycleEntryTest.testGetTempo(CycleEntryTest.java:157)
</failure>
    <system-out>getTempo
</system-out>
  </testcase>
</testsuite>