<?xml version="1.0" encoding="UTF-8" ?>
<testsuite tests="10" failures="2" name="com.stir.cscu9t4practical1.SwimEntryTest" time="0.03" errors="0" skipped="0">
  <properties>
[...]
</properties>
  <testcase classname="com.stir.cscu9t4practical1.SwimEntryTest" name="com.stir.cscu9t4practical1.SwimEntryTest.testGetYear" time="0.016"/>
  <testcase classname="com.stir.cscu9t4practical1.SwimEntryTest" name="com.stir.cscu9t4practical1.SwimEntryTest.testGetHour" time="0"/>
  <testcase classname="com.stir.cscu9t4practical1.SwimEntryTest" name="com.stir.cscu9t4practical1.SwimEntryTest.testGetDistance" time="0"/>
  <testcase classname="com.stir.cscu9t4practical1.SwimEntryTest" name="com.stir.cscu9t4practical1.SwimEntryTest.testGetName" time="0"/>
  <testcase classname="com.stir.cscu9t4practical1.SwimEntryTest" name="com.stir.cscu9t4practical1.SwimEntryTest.testGetDay" time="0"/>
  <testcase classname="com.stir.cscu9t4practical1.SwimEntryTest" name="com.stir.cscu9t4practical1.SwimEntryTest.testGetMonth" time="0"/>
  <testcase classname="com.stir.cscu9t4practical1.SwimEntryTest" name="com.stir.cscu9t4practical1.SwimEntryTest.testGetSec" time="0.001"/>
  <testcase classname="com.stir.cscu9t4practical1.SwimEntryTest" name="com.stir.cscu9t4practical1.SwimEntryTest.testGetEntry" time="0.013">
    <failure message="expected: &lt;Alice swam 3.0 km outdoors in 0:16:7 on 1/2/2003
&gt; but was: &lt;Alice swim 3.0 km in 0:16:7 on 1/2/2003
&gt;" type="org.opentest4j.AssertionFailedError">org.opentest4j.AssertionFailedError: expected: &lt;Alice swam 3.0 km outdoors in 0:16:7 on 1/2/2003
&gt; but was: &lt;Alice swim 3.0 km in 0:16:7 on 1/2/2003
&gt;
	at org.junit.jupiter.api.AssertionUtils.fail(AssertionUtils.java:55)
	at org.junit.jupiter.api.AssertionUtils.failNotEqual(AssertionUtils.java:62)
	at org.junit.jupiter.api.AssertEquals.assertEquals(AssertEquals.java:182)
	at org.junit.jupiter.api.AssertEquals.assertEquals(AssertEquals.java:177)
	at org.junit.jupiter.api.Assertions.assertEquals(Assertions.java:1124)
	at com.stir.cscu9t4practical1.SwimEntryTest.testGetEntry(SwimEntryTest.java:160)
</failure>
    <system-out>getEntry
</system-out>
  </testcase>
  <testcase classname="com.stir.cscu9t4practical1.SwimEntryTest" name="com.stir.cscu9t4practical1.SwimEntryTest.testGetWhere" time="0">
    <failure message="expected: &lt;in a pool&gt; but was: &lt;outdoors&gt;" type="org.opentest4j.AssertionFailedError">org.opentest4j.AssertionFailedError: expected: &lt;in a pool&gt; but was: &lt;outdoors&gt;
	at org.junit.jupiter.api.AssertionUtils.fail(AssertionUtils.java:55)
	at org.junit.jupiter.api.AssertionUtils.failNotEqual(AssertionUtils.java:62)
	at org.junit.jupiter.api.AssertEquals.assertEquals(AssertEquals.java:182)
	at org.junit.jupiter.api.AssertEquals.assertEquals(AssertEquals.java:177)
	at org.junit.jupiter.api.Assertions.assertEquals(Assertions.java:1124)
	at com.stir.cscu9t4practical1.SwimEntryTest.testGetWhere(SwimEntryTest.java:149)
</failure>
    <system-out>getWhere
</system-out>
  </testcase>
  <testcase classname="com.stir.cscu9t4practical1.SwimEntryTest" name="com.stir.cscu9t4practical1.SwimEntryTest.testGetMin" time="0"/>
</testsuite>