<?xml version="1.0" encoding="UTF-8" ?>
<testsuite tests="10" failures="2" name="com.stir.cscu9t4practical1.SwimEntryTest" time="0.03" errors="0" skipped="0">
  <properties>
    <property name="java.runtime.name" value="Java(TM) SE Runtime Environment"/>
    <property name="java.vm.version" value="18.0.2.1+1-1"/>
    <property name="sun.boot.library.path" value="C:\Program Files\Java\jdk-18.0.2.1\bin"/>
    <property name="maven.multiModuleProjectDirectory" value="C:\Users\Game\Documents\NetBeansProjects\CSCU9T4Practical1-master"/>
    <property name="java.vm.vendor" value="Oracle Corporation"/>
    <property name="java.vendor.url" value="https://java.oracle.com/"/>
    <property name="guice.disable.misplaced.annotation.check" value="true"/>
    <property name="path.separator" value=";"/>
    <property name="java.vm.name" value="Java HotSpot(TM) 64-Bit Server VM"/>
    <property name="sun.os.patch.level" value=""/>
    <property name="user.script" value=""/>
    <property name="user.country" value="AE"/>
    <property name="sun.java.launcher" value="SUN_STANDARD"/>
    <property name="test" value="com.stir.cscu9t4practical1.SwimEntryTest"/>
    <property name="java.vm.specification.name" value="Java Virtual Machine Specification"/>
    <property name="user.dir" value="C:\Users\Game\Documents\NetBeansProjects\CSCU9T4Practical1-master"/>
    <property name="java.vm.compressedOopsMode" value="Zero based"/>
    <property name="java.runtime.version" value="18.0.2.1+1-1"/>
    <property name="os.arch" value="amd64"/>
    <property name="java.io.tmpdir" value="C:\Users\Game\AppData\Local\Temp\"/>
    <property name="line.separator" value="
"/>
    <property name="java.vm.specification.vendor" value="Oracle Corporation"/>
    <property name="user.variant" value=""/>
    <property name="os.name" value="Windows 10"/>
    <property name="maven.ext.class.path" value="C:\Program Files\NetBeans-17\netbeans\java\maven-nblib\netbeans-eventspy.jar"/>
    <property name="classworlds.conf" value="C:\Program Files\NetBeans-17\netbeans\java\maven\bin\m2.conf"/>
    <property name="sun.jnu.encoding" value="Cp1252"/>
    <property name="java.library.path" value="C:\Program Files\Java\jdk-18.0.2.1\bin;C:\Windows\Sun\Java\bin;C:\Windows\system32;C:\Windows;C:\Program Files\Common Files\Oracle\Java\javapath;C:\Program Files (x86)\Common Files\Oracle\Java\javapath;C:\Windows\system32;C:\Windows;C:\Windows\System32\Wbem;C:\Windows\System32\WindowsPowerShell\v1.0\;C:\Windows\System32\OpenSSH\;C:\Program Files\Process Lasso\;C:\Program Files (x86)\dotnet\;C:\Program Files (x86)\NVIDIA Corporation\PhysX\Common;C:\Program Files\NVIDIA Corporation\NVIDIA NvDLISR;C:\Program Files\dotnet\;C:\Users\Game\AppData\Local\Microsoft\WindowsApps;;."/>
    <property name="maven.conf" value="C:\Program Files\NetBeans-17\netbeans\java\maven/conf"/>
    <property name="jdk.debug" value="release"/>
    <property name="java.class.version" value="62.0"/>
    <property name="java.specification.name" value="Java Platform API Specification"/>
    <property name="sun.management.compiler" value="HotSpot 64-Bit Tiered Compilers"/>
    <property name="os.version" value="10.0"/>
    <property name="library.jansi.path" value="C:\Program Files\NetBeans-17\netbeans\java\maven\lib\jansi-native"/>
    <property name="user.home" value="C:\Users\Game"/>
    <property name="user.timezone" value="Asia/Dubai"/>
    <property name="file.encoding" value="UTF-8"/>
    <property name="java.specification.version" value="18"/>
    <property name="user.name" value="Game"/>
    <property name="java.class.path" value="C:\Program Files\NetBeans-17\netbeans\java\maven\boot\plexus-classworlds-2.6.0.jar"/>
    <property name="java.vm.specification.version" value="18"/>
    <property name="sun.arch.data.model" value="64"/>
    <property name="sun.java.command" value="org.codehaus.plexus.classworlds.launcher.Launcher -Dtest=com.stir.cscu9t4practical1.SwimEntryTest -Dmaven.ext.class.path=C:\Program Files\NetBeans-17\netbeans\java\maven-nblib\netbeans-eventspy.jar --no-transfer-progress process-test-classes surefire:test"/>
    <property name="java.home" value="C:\Program Files\Java\jdk-18.0.2.1"/>
    <property name="user.language" value="en"/>
    <property name="java.specification.vendor" value="Oracle Corporation"/>
    <property name="java.vm.info" value="mixed mode, sharing"/>
    <property name="java.version" value="18.0.2.1"/>
    <property name="native.encoding" value="Cp1252"/>
    <property name="java.vendor" value="Oracle Corporation"/>
    <property name="maven.home" value="C:\Program Files\NetBeans-17\netbeans\java\maven"/>
    <property name="file.separator" value="\"/>
    <property name="java.version.date" value="2022-08-18"/>
    <property name="java.vendor.url.bug" value="https://bugreport.java.com/bugreport/"/>
    <property name="sun.io.unicode.encoding" value="UnicodeLittle"/>
    <property name="sun.cpu.endian" value="little"/>
    <property name="sun.cpu.isalist" value="amd64"/>
  </properties>
  <testcase classname="com.stir.cscu9t4practical1.SwimEntryTest" name="com.stir.cscu9t4practical1.SwimEntryTest.testGetYear" time="0.016"/>
  <testcase classname="com.stir.cscu9t4practical1.SwimEntryTest" name="com.stir.cscu9t4practical1.SwimEntryTest.testGetHour" time="0"/>
  <testcase classname="com.stir.cscu9t4practical1.SwimEntryTest" name="com.stir.cscu9t4practical1.SwimEntryTest.testGetDistance" time="0"/>
  <testcase classname="com.stir.cscu9t4practical1.SwimEntryTest" name="com.stir.cscu9t4practical1.SwimEntryTest.testGetName" time="0"/>
  <testcase classname="com.stir.cscu9t4practical1.SwimEntryTest" name="com.stir.cscu9t4practical1.SwimEntryTest.testGetDay" time="0"/>
  <testcase classname="com.stir.cscu9t4practical1.SwimEntryTest" name="com.stir.cscu9t4practical1.SwimEntryTest.testGetMonth" time="0"/>
  <testcase classname="com.stir.cscu9t4practical1.SwimEntryTest" name="com.stir.cscu9t4practical1.SwimEntryTest.testGetSec" time="0.001"/>
  <testcase classname="com.stir.cscu9t4practical1.SwimEntryTest" name="com.stir.cscu9t4practical1.SwimEntryTest.testGetEntry" time="0.013">
    <failure message="expected: &lt;Alice swam 3.0 km outdoors in 0:16:7 on 1/2/2003
&gt; but was: &lt;Alice swim 3.0 km in 0:16:7 on 1/2/2003
&gt;" type="org.opentest4j.AssertionFailedError">org.opentest4j.AssertionFailedError: expected: &lt;Alice swam 3.0 km outdoors in 0:16:7 on 1/2/2003
&gt; but was: &lt;Alice swim 3.0 km in 0:16:7 on 1/2/2003
&gt;
	at org.junit.jupiter.api.AssertionUtils.fail(AssertionUtils.java:55)
	at org.junit.jupiter.api.AssertionUtils.failNotEqual(AssertionUtils.java:62)
	at org.junit.jupiter.api.AssertEquals.assertEquals(AssertEquals.java:182)
	at org.junit.jupiter.api.AssertEquals.assertEquals(AssertEquals.java:177)
	at org.junit.jupiter.api.Assertions.assertEquals(Assertions.java:1124)
	at com.stir.cscu9t4practical1.SwimEntryTest.testGetEntry(SwimEntryTest.java:160)
</failure>
    <system-out>getEntry
</system-out>
  </testcase>
  <testcase classname="com.stir.cscu9t4practical1.SwimEntryTest" name="com.stir.cscu9t4practical1.SwimEntryTest.testGetWhere" time="0">
    <failure message="expected: &lt;in a pool&gt; but was: &lt;outdoors&gt;" type="org.opentest4j.AssertionFailedError">org.opentest4j.AssertionFailedError: expected: &lt;in a pool&gt; but was: &lt;outdoors&gt;
	at org.junit.jupiter.api.AssertionUtils.fail(AssertionUtils.java:55)
	at org.junit.jupiter.api.AssertionUtils.failNotEqual(AssertionUtils.java:62)
	at org.junit.jupiter.api.AssertEquals.assertEquals(AssertEquals.java:182)
	at org.junit.jupiter.api.AssertEquals.assertEquals(AssertEquals.java:177)
	at org.junit.jupiter.api.Assertions.assertEquals(Assertions.java:1124)
	at com.stir.cscu9t4practical1.SwimEntryTest.testGetWhere(SwimEntryTest.java:149)
</failure>
    <system-out>getWhere
</system-out>
  </testcase>
  <testcase classname="com.stir.cscu9t4practical1.SwimEntryTest" name="com.stir.cscu9t4practical1.SwimEntryTest.testGetMin" time="0"/>
</testsuite>